<?xml version="1.0" encoding="UTF-8"?>
<!-- Generated by org.testng.reporters.JUnitReportReporter -->
<testsuite hostname="ROG2XW01WE" failures="0" tests="1" name="automations.RenewalsCaseClosure" time="34.258" errors="0" timestamp="2025-04-30T23:17:48 IST" skipped="0">
  <testcase classname="automations.RenewalsCaseClosure" name="renewalsCaseClosure" time="34.258"/>
  <system-out/>
</testsuite> <!-- automations.RenewalsCaseClosure -->
