<?xml version="1.0" encoding="UTF-8"?>
<!-- Generated by org.testng.reporters.JUnitReportReporter -->
<testsuite hostname="ROG2XW01WE" failures="0" tests="1" name="automations.RenewalsCaseClosure" time="441.029" errors="0" timestamp="2025-06-30T22:39:31 IST" skipped="0">
  <testcase classname="automations.RenewalsCaseClosure" name="renewalsCaseClosure" time="441.029"/>
  <system-out/>
</testsuite> <!-- automations.RenewalsCaseClosure -->
